c:\users\jimmy\source\repos\n16081367\hw01_01\debug\hw01_01.pch
c:\users\jimmy\source\repos\n16081367\hw01_01\debug\vc141.pdb
c:\users\jimmy\source\repos\n16081367\hw01_01\debug\vc141.idb
c:\users\jimmy\source\repos\n16081367\hw01_01\debug\pch.obj
c:\users\jimmy\source\repos\n16081367\hw01_01\debug\hw01_01.obj
d:\course\master\object oriented programming\homework\hw1\n16081367\hw01_01\debug\hw01_01.pch
d:\course\master\object oriented programming\homework\hw1\n16081367\hw01_01\debug\vc141.pdb
d:\course\master\object oriented programming\homework\hw1\n16081367\hw01_01\debug\vc141.idb
d:\course\master\object oriented programming\homework\hw1\n16081367\hw01_01\debug\pch.obj
d:\course\master\object oriented programming\homework\hw1\n16081367\hw01_01\debug\hw01_01.obj
c:\users\jimmy\source\repos\n16081367\debug\hw01_01.exe
c:\users\jimmy\source\repos\n16081367\debug\hw01_01.ilk
c:\users\jimmy\source\repos\n16081367\debug\hw01_01.pdb
d:\course\master\object oriented programming\homework\hw1\n16081367\debug\hw01_01.exe
d:\course\master\object oriented programming\homework\hw1\n16081367\debug\hw01_01.ilk
d:\course\master\object oriented programming\homework\hw1\n16081367\debug\hw01_01.pdb
d:\course\master\object oriented programming\homework\hw1\n16081367\hw01_01\debug\hw01_01.tlog\cl.command.1.tlog
d:\course\master\object oriented programming\homework\hw1\n16081367\hw01_01\debug\hw01_01.tlog\cl.read.1.tlog
d:\course\master\object oriented programming\homework\hw1\n16081367\hw01_01\debug\hw01_01.tlog\cl.write.1.tlog
d:\course\master\object oriented programming\homework\hw1\n16081367\hw01_01\debug\hw01_01.tlog\link.command.1.tlog
d:\course\master\object oriented programming\homework\hw1\n16081367\hw01_01\debug\hw01_01.tlog\link.read.1.tlog
d:\course\master\object oriented programming\homework\hw1\n16081367\hw01_01\debug\hw01_01.tlog\link.write.1.tlog
